==========================================
SLURM_JOB_ID = 1270954
SLURM_JOB_NODELIST = d23-15
TMPDIR = /tmp/SLURM_1270954
==========================================
Running on: cuda

Epoch 1/100
Train Loss: 0.9944 | Val Loss: 0.9929 | Val Dice: 0.0097 | Val IoU: 0.0049
✅ Best model updated and saved.

Epoch 2/100
Train Loss: 0.9820 | Val Loss: 0.9400 | Val Dice: 0.2468 | Val IoU: 0.1472
✅ Best model updated and saved.

Epoch 3/100
Train Loss: 0.8504 | Val Loss: 0.6579 | Val Dice: 0.4517 | Val IoU: 0.2973
✅ Best model updated and saved.

Epoch 4/100
Train Loss: 0.5798 | Val Loss: 0.6344 | Val Dice: 0.4139 | Val IoU: 0.2652

Epoch 5/100
Train Loss: 0.5150 | Val Loss: 0.3626 | Val Dice: 0.6564 | Val IoU: 0.5083
✅ Best model updated and saved.

Epoch 6/100
Train Loss: 0.4027 | Val Loss: 0.3362 | Val Dice: 0.6753 | Val IoU: 0.5255
✅ Best model updated and saved.

Epoch 7/100
Train Loss: 0.4005 | Val Loss: 0.3107 | Val Dice: 0.6970 | Val IoU: 0.5606
✅ Best model updated and saved.

Epoch 8/100
Train Loss: 0.3701 | Val Loss: 0.2958 | Val Dice: 0.7110 | Val IoU: 0.5714
✅ Best model updated and saved.

Epoch 9/100
Train Loss: 0.3446 | Val Loss: 0.3020 | Val Dice: 0.7163 | Val IoU: 0.5722
✅ Best model updated and saved.

Epoch 10/100
Train Loss: 0.3526 | Val Loss: 0.2979 | Val Dice: 0.7074 | Val IoU: 0.5799

Epoch 11/100
Train Loss: 0.3366 | Val Loss: 0.3008 | Val Dice: 0.7030 | Val IoU: 0.5626

Epoch 12/100
Train Loss: 0.3229 | Val Loss: 0.2927 | Val Dice: 0.7112 | Val IoU: 0.5667

Epoch 13/100
Train Loss: 0.3280 | Val Loss: 0.2946 | Val Dice: 0.7109 | Val IoU: 0.5569

Epoch 14/100
Train Loss: 0.3347 | Val Loss: 0.2607 | Val Dice: 0.7424 | Val IoU: 0.5979
✅ Best model updated and saved.

Epoch 15/100
Train Loss: 0.3187 | Val Loss: 0.2797 | Val Dice: 0.7236 | Val IoU: 0.5810

Epoch 16/100
Train Loss: 0.3195 | Val Loss: 0.2659 | Val Dice: 0.7372 | Val IoU: 0.5930

Epoch 17/100
Train Loss: 0.3163 | Val Loss: 0.2968 | Val Dice: 0.7097 | Val IoU: 0.5683

Epoch 18/100
Train Loss: 0.3243 | Val Loss: 0.2969 | Val Dice: 0.7079 | Val IoU: 0.5673

Epoch 19/100
Train Loss: 0.3046 | Val Loss: 0.2669 | Val Dice: 0.7394 | Val IoU: 0.5936

Epoch 20/100
Train Loss: 0.2985 | Val Loss: 0.2868 | Val Dice: 0.7173 | Val IoU: 0.5730

Epoch 21/100
Train Loss: 0.2834 | Val Loss: 0.2532 | Val Dice: 0.7499 | Val IoU: 0.6091
✅ Best model updated and saved.

Epoch 22/100
Train Loss: 0.2843 | Val Loss: 0.2468 | Val Dice: 0.7561 | Val IoU: 0.6174
✅ Best model updated and saved.

Epoch 23/100
Train Loss: 0.2862 | Val Loss: 0.2552 | Val Dice: 0.7480 | Val IoU: 0.6042

Epoch 24/100
Train Loss: 0.2769 | Val Loss: 0.2578 | Val Dice: 0.7456 | Val IoU: 0.5992

Epoch 25/100
Train Loss: 0.2829 | Val Loss: 0.2664 | Val Dice: 0.7359 | Val IoU: 0.5919

Epoch 26/100
Train Loss: 0.2754 | Val Loss: 0.2648 | Val Dice: 0.7374 | Val IoU: 0.5952

Epoch 27/100
Train Loss: 0.2690 | Val Loss: 0.2863 | Val Dice: 0.7146 | Val IoU: 0.5818

Epoch 28/100
Train Loss: 0.2742 | Val Loss: 0.2678 | Val Dice: 0.7335 | Val IoU: 0.6034

Epoch 29/100
Train Loss: 0.2719 | Val Loss: 0.2468 | Val Dice: 0.7556 | Val IoU: 0.6141

Epoch 30/100
Train Loss: 0.2653 | Val Loss: 0.2437 | Val Dice: 0.7592 | Val IoU: 0.6213
✅ Best model updated and saved.

Epoch 31/100
Train Loss: 0.2553 | Val Loss: 0.2493 | Val Dice: 0.7531 | Val IoU: 0.6168

Epoch 32/100
Train Loss: 0.2529 | Val Loss: 0.2559 | Val Dice: 0.7468 | Val IoU: 0.6096

Epoch 33/100
Train Loss: 0.2658 | Val Loss: 0.2469 | Val Dice: 0.7560 | Val IoU: 0.6183

Epoch 34/100
Train Loss: 0.2587 | Val Loss: 0.2489 | Val Dice: 0.7528 | Val IoU: 0.6170

Epoch 35/100
Train Loss: 0.2555 | Val Loss: 0.2355 | Val Dice: 0.7673 | Val IoU: 0.6276
✅ Best model updated and saved.

Epoch 36/100
Train Loss: 0.2686 | Val Loss: 0.2419 | Val Dice: 0.7614 | Val IoU: 0.6241

Epoch 37/100
Train Loss: 0.2680 | Val Loss: 0.2418 | Val Dice: 0.7613 | Val IoU: 0.6266

Epoch 38/100
Train Loss: 0.2514 | Val Loss: 0.2374 | Val Dice: 0.7657 | Val IoU: 0.6278

Epoch 39/100
Train Loss: 0.2611 | Val Loss: 0.2349 | Val Dice: 0.7671 | Val IoU: 0.6274

Epoch 40/100
Train Loss: 0.2497 | Val Loss: 0.2488 | Val Dice: 0.7535 | Val IoU: 0.6105

Epoch 41/100
Train Loss: 0.2572 | Val Loss: 0.2421 | Val Dice: 0.7607 | Val IoU: 0.6218

Epoch 42/100
Train Loss: 0.2442 | Val Loss: 0.2450 | Val Dice: 0.7572 | Val IoU: 0.6196

Epoch 43/100
Train Loss: 0.2492 | Val Loss: 0.2433 | Val Dice: 0.7590 | Val IoU: 0.6212

Epoch 44/100
Train Loss: 0.2441 | Val Loss: 0.2406 | Val Dice: 0.7614 | Val IoU: 0.6247

Epoch 45/100
Train Loss: 0.2480 | Val Loss: 0.2566 | Val Dice: 0.7442 | Val IoU: 0.6069
⏹️ Early stopping triggered. Training halted.
