==========================================
SLURM_JOB_ID = 1021381
SLURM_JOB_NODELIST = d13-06
TMPDIR = /tmp/SLURM_1021381
==========================================
GPU Available
Preprocessing MSD dataset...
/project/ruishanl_1185/Tumor_Segmentation_Summer2025_XWDR/Xiwen/datasets_XW/Task06_Lung
lung_001
CT Normalized
Seg Normalized
lungmask 2025-06-26 16:30:12 Postprocessing
lung_003
CT Normalized
Seg Normalized
lungmask 2025-06-26 16:31:08 Postprocessing
lung_004
CT Normalized
Seg Normalized
lungmask 2025-06-26 16:31:50 Postprocessing
lung_005
CT Normalized
Seg Normalized
lungmask 2025-06-26 16:32:39 Postprocessing
lung_006
CT Normalized
Seg Normalized
lungmask 2025-06-26 16:33:53 Postprocessing
lung_009
CT Normalized
Seg Normalized
lungmask 2025-06-26 16:34:45 Postprocessing
lung_010
CT Normalized
Seg Normalized
lungmask 2025-06-26 16:35:25 Postprocessing
lung_014
CT Normalized
Seg Normalized
lungmask 2025-06-26 16:36:37 Postprocessing
lung_015
CT Normalized
Seg Normalized
lungmask 2025-06-26 16:37:34 Postprocessing
lung_016
CT Normalized
Seg Normalized
lungmask 2025-06-26 16:38:11 Postprocessing
lung_018
CT Normalized
Seg Normalized
lungmask 2025-06-26 16:38:53 Postprocessing
lung_020
CT Normalized
Seg Normalized
lungmask 2025-06-26 16:39:40 Postprocessing
lung_022
CT Normalized
Seg Normalized
lungmask 2025-06-26 16:40:45 Postprocessing
lung_023
CT Normalized
Seg Normalized
lungmask 2025-06-26 16:41:56 Postprocessing
lung_025
CT Normalized
Seg Normalized
lungmask 2025-06-26 16:43:12 Postprocessing
lung_026
CT Normalized
Seg Normalized
lungmask 2025-06-26 16:43:53 Postprocessing
lung_027
CT Normalized
Seg Normalized
lungmask 2025-06-26 16:44:41 Postprocessing
lung_028
CT Normalized
Seg Normalized
lungmask 2025-06-26 16:45:22 Postprocessing
lung_029
CT Normalized
Seg Normalized
lungmask 2025-06-26 16:46:02 Postprocessing
lung_031
CT Normalized
Seg Normalized
lungmask 2025-06-26 16:46:59 Postprocessing
lung_033
CT Normalized
Seg Normalized
lungmask 2025-06-26 16:47:43 Postprocessing
lung_034
CT Normalized
Seg Normalized
lungmask 2025-06-26 16:48:32 Postprocessing
lung_036
CT Normalized
Seg Normalized
lungmask 2025-06-26 16:49:14 Postprocessing
lung_037
CT Normalized
Seg Normalized
lungmask 2025-06-26 16:49:43 Postprocessing
lung_038
CT Normalized
Seg Normalized
lungmask 2025-06-26 16:50:07 Postprocessing
lung_041
CT Normalized
Seg Normalized
lungmask 2025-06-26 16:50:52 Postprocessing
lung_042
CT Normalized
Seg Normalized
lungmask 2025-06-26 16:51:17 Postprocessing
lung_043
CT Normalized
Seg Normalized
lungmask 2025-06-26 16:51:41 Postprocessing
lung_044
CT Normalized
Seg Normalized
lungmask 2025-06-26 16:52:20 Postprocessing
lung_045
CT Normalized
Seg Normalized
lungmask 2025-06-26 16:53:00 Postprocessing
lung_046
CT Normalized
Seg Normalized
lungmask 2025-06-26 16:53:38 Postprocessing
lung_047
CT Normalized
Seg Normalized
lungmask 2025-06-26 16:54:56 Postprocessing
lung_048
CT Normalized
Seg Normalized
lungmask 2025-06-26 16:55:50 Postprocessing
lung_049
CT Normalized
Seg Normalized
lungmask 2025-06-26 16:56:36 Postprocessing
lung_051
CT Normalized
Seg Normalized
lungmask 2025-06-26 16:57:08 Postprocessing
lung_053
CT Normalized
Seg Normalized
lungmask 2025-06-26 16:57:45 Postprocessing
lung_054
CT Normalized
Seg Normalized
lungmask 2025-06-26 16:58:22 Postprocessing
lung_055
CT Normalized
Seg Normalized
lungmask 2025-06-26 16:59:02 Postprocessing
lung_057
CT Normalized
Seg Normalized
lungmask 2025-06-26 16:59:33 Postprocessing
lung_058
CT Normalized
Seg Normalized
lungmask 2025-06-26 17:00:07 Postprocessing
lung_059
CT Normalized
Seg Normalized
lungmask 2025-06-26 17:00:43 Postprocessing
lung_061
CT Normalized
Seg Normalized
lungmask 2025-06-26 17:01:19 Postprocessing
lung_062
CT Normalized
Seg Normalized
lungmask 2025-06-26 17:01:57 Postprocessing
lung_064
CT Normalized
Seg Normalized
lungmask 2025-06-26 17:02:43 Postprocessing
lung_065
CT Normalized
Seg Normalized
lungmask 2025-06-26 17:03:17 Postprocessing
lung_066
CT Normalized
Seg Normalized
lungmask 2025-06-26 17:03:53 Postprocessing
lung_069
CT Normalized
Seg Normalized
lungmask 2025-06-26 17:04:32 Postprocessing
lung_070
CT Normalized
Seg Normalized
lungmask 2025-06-26 17:05:13 Postprocessing
lung_071
CT Normalized
Seg Normalized
lungmask 2025-06-26 17:06:00 Postprocessing
lung_073
CT Normalized
Seg Normalized
lungmask 2025-06-26 17:07:07 Postprocessing
lung_074
CT Normalized
Seg Normalized
lungmask 2025-06-26 17:08:07 Postprocessing
lung_075
CT Normalized
Seg Normalized
lungmask 2025-06-26 17:09:11 Postprocessing
lung_078
CT Normalized
Seg Normalized
lungmask 2025-06-26 17:09:47 Postprocessing
lung_079
CT Normalized
Seg Normalized
lungmask 2025-06-26 17:10:24 Postprocessing
lung_080
CT Normalized
Seg Normalized
lungmask 2025-06-26 17:11:23 Postprocessing
lung_081
CT Normalized
Seg Normalized
lungmask 2025-06-26 17:12:11 Postprocessing
lung_083
CT Normalized
Seg Normalized
lungmask 2025-06-26 17:13:01 Postprocessing
lung_084
CT Normalized
Seg Normalized
lungmask 2025-06-26 17:13:41 Postprocessing
lung_086
CT Normalized
Seg Normalized
lungmask 2025-06-26 17:14:22 Postprocessing
lung_092
CT Normalized
Seg Normalized
lungmask 2025-06-26 17:15:03 Postprocessing
lung_093
CT Normalized
Seg Normalized
lungmask 2025-06-26 17:15:40 Postprocessing
lung_095
CT Normalized
Seg Normalized
lungmask 2025-06-26 17:16:19 Postprocessing
lung_096
CT Normalized
Seg Normalized
lungmask 2025-06-26 17:17:01 Postprocessing
Generating tumor bbx msd
../datasets_XW/processed_msd1/lungs_roi
lung_001
lung_003
lung_004
lung_005
lung_006
lung_009
lung_010
lung_014
lung_015
lung_016
lung_018
lung_020
lung_022
lung_023
lung_025
lung_026
lung_027
lung_028
lung_029
lung_031
lung_033
lung_034
lung_036
lung_037
lung_038
lung_041
lung_042
lung_043
lung_044
lung_045
lung_046
lung_047
lung_048
lung_049
lung_051
lung_053
lung_054
lung_055
lung_057
lung_058
lung_059
lung_061
lung_062
lung_064
lung_065
lung_066
lung_069
lung_070
lung_071
lung_073
lung_074
lung_075
lung_078
lung_079
lung_080
lung_081
lung_083
lung_084
lung_086
lung_092
lung_093
lung_095
lung_096
