==========================================
SLURM_JOB_ID = 1205477
SLURM_JOB_NODELIST = b01-01
TMPDIR = /tmp/SLURM_1205477
==========================================
Running on: cuda

Epoch 1/100
Train Loss: 0.9411 | Val Loss: 0.8840 | Val Dice: 0.1203 | Val IoU: 0.0684
✅ Best model updated and saved.

Epoch 2/100
Train Loss: 0.8592 | Val Loss: 0.8306 | Val Dice: 0.1728 | Val IoU: 0.1026
✅ Best model updated and saved.

Epoch 3/100
Train Loss: 0.8458 | Val Loss: 0.8242 | Val Dice: 0.1774 | Val IoU: 0.1059
✅ Best model updated and saved.

Epoch 4/100
Train Loss: 0.8224 | Val Loss: 0.8023 | Val Dice: 0.1995 | Val IoU: 0.1229
✅ Best model updated and saved.

Epoch 5/100
Train Loss: 0.8119 | Val Loss: 0.7937 | Val Dice: 0.2077 | Val IoU: 0.1287
✅ Best model updated and saved.

Epoch 6/100
Train Loss: 0.7875 | Val Loss: 0.7819 | Val Dice: 0.2196 | Val IoU: 0.1357
✅ Best model updated and saved.

Epoch 7/100
Train Loss: 0.7616 | Val Loss: 0.7351 | Val Dice: 0.2687 | Val IoU: 0.1739
✅ Best model updated and saved.

Epoch 8/100
Train Loss: 0.7423 | Val Loss: 0.7251 | Val Dice: 0.2766 | Val IoU: 0.1822
✅ Best model updated and saved.

Epoch 9/100
Train Loss: 0.7268 | Val Loss: 0.7187 | Val Dice: 0.2836 | Val IoU: 0.1897
✅ Best model updated and saved.

Epoch 10/100
Train Loss: 0.7079 | Val Loss: 0.6725 | Val Dice: 0.3290 | Val IoU: 0.2204
✅ Best model updated and saved.

Epoch 11/100
Train Loss: 0.6891 | Val Loss: 0.6761 | Val Dice: 0.3258 | Val IoU: 0.2175

Epoch 12/100
Train Loss: 0.6640 | Val Loss: 0.6735 | Val Dice: 0.3271 | Val IoU: 0.2296

Epoch 13/100
Train Loss: 0.6553 | Val Loss: 0.6568 | Val Dice: 0.3449 | Val IoU: 0.2328
✅ Best model updated and saved.

Epoch 14/100
Train Loss: 0.6658 | Val Loss: 0.6262 | Val Dice: 0.3747 | Val IoU: 0.2617
✅ Best model updated and saved.

Epoch 15/100
Train Loss: 0.6181 | Val Loss: 0.6416 | Val Dice: 0.3598 | Val IoU: 0.2492

Epoch 16/100
Train Loss: 0.6196 | Val Loss: 0.6010 | Val Dice: 0.4004 | Val IoU: 0.2829
✅ Best model updated and saved.

Epoch 17/100
Train Loss: 0.6200 | Val Loss: 0.6063 | Val Dice: 0.3952 | Val IoU: 0.2788

Epoch 18/100
Train Loss: 0.6081 | Val Loss: 0.6087 | Val Dice: 0.3929 | Val IoU: 0.2736

Epoch 19/100
Train Loss: 0.6031 | Val Loss: 0.6272 | Val Dice: 0.3738 | Val IoU: 0.2705

Epoch 20/100
Train Loss: 0.6003 | Val Loss: 0.5957 | Val Dice: 0.4048 | Val IoU: 0.2942
✅ Best model updated and saved.

Epoch 21/100
Train Loss: 0.5868 | Val Loss: 0.6116 | Val Dice: 0.3896 | Val IoU: 0.2710

Epoch 22/100
Train Loss: 0.5828 | Val Loss: 0.5773 | Val Dice: 0.4236 | Val IoU: 0.3118
✅ Best model updated and saved.

Epoch 23/100
Train Loss: 0.5669 | Val Loss: 0.5861 | Val Dice: 0.4154 | Val IoU: 0.2945

Epoch 24/100
Train Loss: 0.5627 | Val Loss: 0.5627 | Val Dice: 0.4385 | Val IoU: 0.3178
✅ Best model updated and saved.

Epoch 25/100
Train Loss: 0.5586 | Val Loss: 0.5525 | Val Dice: 0.4483 | Val IoU: 0.3277
✅ Best model updated and saved.

Epoch 26/100
Train Loss: 0.5436 | Val Loss: 0.5752 | Val Dice: 0.4261 | Val IoU: 0.3069

Epoch 27/100
Train Loss: 0.5544 | Val Loss: 0.5750 | Val Dice: 0.4254 | Val IoU: 0.3122

Epoch 28/100
Train Loss: 0.5372 | Val Loss: 0.5637 | Val Dice: 0.4369 | Val IoU: 0.3218

Epoch 29/100
Train Loss: 0.5245 | Val Loss: 0.5587 | Val Dice: 0.4423 | Val IoU: 0.3144

Epoch 30/100
Train Loss: 0.5220 | Val Loss: 0.5582 | Val Dice: 0.4431 | Val IoU: 0.3206

Epoch 31/100
Train Loss: 0.5321 | Val Loss: 0.5557 | Val Dice: 0.4450 | Val IoU: 0.3242

Epoch 32/100
Train Loss: 0.4967 | Val Loss: 0.5299 | Val Dice: 0.4707 | Val IoU: 0.3541
✅ Best model updated and saved.

Epoch 33/100
Train Loss: 0.4940 | Val Loss: 0.5334 | Val Dice: 0.4677 | Val IoU: 0.3466

Epoch 34/100
Train Loss: 0.4791 | Val Loss: 0.5436 | Val Dice: 0.4572 | Val IoU: 0.3357

Epoch 35/100
Train Loss: 0.4682 | Val Loss: 0.5280 | Val Dice: 0.4727 | Val IoU: 0.3486
✅ Best model updated and saved.

Epoch 36/100
Train Loss: 0.4716 | Val Loss: 0.5419 | Val Dice: 0.4594 | Val IoU: 0.3370

Epoch 37/100
Train Loss: 0.4733 | Val Loss: 0.5217 | Val Dice: 0.4794 | Val IoU: 0.3550
✅ Best model updated and saved.

Epoch 38/100
Train Loss: 0.4685 | Val Loss: 0.5226 | Val Dice: 0.4784 | Val IoU: 0.3563

Epoch 39/100
Train Loss: 0.4665 | Val Loss: 0.5218 | Val Dice: 0.4791 | Val IoU: 0.3547

Epoch 40/100
Train Loss: 0.4707 | Val Loss: 0.5221 | Val Dice: 0.4789 | Val IoU: 0.3577

Epoch 41/100
Train Loss: 0.4588 | Val Loss: 0.5149 | Val Dice: 0.4860 | Val IoU: 0.3635
✅ Best model updated and saved.

Epoch 42/100
Train Loss: 0.4507 | Val Loss: 0.5125 | Val Dice: 0.4883 | Val IoU: 0.3665
✅ Best model updated and saved.

Epoch 43/100
Train Loss: 0.4511 | Val Loss: 0.5196 | Val Dice: 0.4815 | Val IoU: 0.3598

Epoch 44/100
Train Loss: 0.4489 | Val Loss: 0.5232 | Val Dice: 0.4776 | Val IoU: 0.3579

Epoch 45/100
Train Loss: 0.4590 | Val Loss: 0.5352 | Val Dice: 0.4655 | Val IoU: 0.3470

Epoch 46/100
Train Loss: 0.4455 | Val Loss: 0.5150 | Val Dice: 0.4861 | Val IoU: 0.3657

Epoch 47/100
Train Loss: 0.4403 | Val Loss: 0.5157 | Val Dice: 0.4852 | Val IoU: 0.3653

Epoch 48/100
Train Loss: 0.4455 | Val Loss: 0.5232 | Val Dice: 0.4781 | Val IoU: 0.3547

Epoch 49/100
Train Loss: 0.4264 | Val Loss: 0.5124 | Val Dice: 0.4884 | Val IoU: 0.3663
✅ Best model updated and saved.

Epoch 50/100
Train Loss: 0.4241 | Val Loss: 0.5172 | Val Dice: 0.4836 | Val IoU: 0.3607

Epoch 51/100
Train Loss: 0.4227 | Val Loss: 0.5142 | Val Dice: 0.4864 | Val IoU: 0.3702

Epoch 52/100
Train Loss: 0.4199 | Val Loss: 0.5117 | Val Dice: 0.4896 | Val IoU: 0.3661
✅ Best model updated and saved.

Epoch 53/100
Train Loss: 0.4161 | Val Loss: 0.5028 | Val Dice: 0.4979 | Val IoU: 0.3775
✅ Best model updated and saved.

Epoch 54/100
Train Loss: 0.4149 | Val Loss: 0.5116 | Val Dice: 0.4894 | Val IoU: 0.3656

Epoch 55/100
Train Loss: 0.4222 | Val Loss: 0.5025 | Val Dice: 0.4982 | Val IoU: 0.3757
✅ Best model updated and saved.

Epoch 56/100
Train Loss: 0.4090 | Val Loss: 0.4990 | Val Dice: 0.5017 | Val IoU: 0.3794
✅ Best model updated and saved.

Epoch 57/100
Train Loss: 0.4114 | Val Loss: 0.5183 | Val Dice: 0.4828 | Val IoU: 0.3601

Epoch 58/100
Train Loss: 0.4030 | Val Loss: 0.5067 | Val Dice: 0.4942 | Val IoU: 0.3711

Epoch 59/100
Train Loss: 0.4142 | Val Loss: 0.5195 | Val Dice: 0.4818 | Val IoU: 0.3589

Epoch 60/100
Train Loss: 0.3973 | Val Loss: 0.5088 | Val Dice: 0.4918 | Val IoU: 0.3718

Epoch 61/100
Train Loss: 0.4051 | Val Loss: 0.5040 | Val Dice: 0.4966 | Val IoU: 0.3774

Epoch 62/100
Train Loss: 0.4036 | Val Loss: 0.5022 | Val Dice: 0.4991 | Val IoU: 0.3767

Epoch 63/100
Train Loss: 0.3954 | Val Loss: 0.4997 | Val Dice: 0.5012 | Val IoU: 0.3782

Epoch 64/100
Train Loss: 0.4008 | Val Loss: 0.5005 | Val Dice: 0.5002 | Val IoU: 0.3797

Epoch 65/100
Train Loss: 0.3913 | Val Loss: 0.4947 | Val Dice: 0.5061 | Val IoU: 0.3839
✅ Best model updated and saved.

Epoch 66/100
Train Loss: 0.3891 | Val Loss: 0.4979 | Val Dice: 0.5032 | Val IoU: 0.3795

Epoch 67/100
Train Loss: 0.3928 | Val Loss: 0.4929 | Val Dice: 0.5079 | Val IoU: 0.3862
✅ Best model updated and saved.

Epoch 68/100
Train Loss: 0.3962 | Val Loss: 0.4950 | Val Dice: 0.5059 | Val IoU: 0.3834

Epoch 69/100
Train Loss: 0.3954 | Val Loss: 0.4909 | Val Dice: 0.5101 | Val IoU: 0.3866
✅ Best model updated and saved.

Epoch 70/100
Train Loss: 0.3871 | Val Loss: 0.4936 | Val Dice: 0.5074 | Val IoU: 0.3838

Epoch 71/100
Train Loss: 0.3839 | Val Loss: 0.4921 | Val Dice: 0.5087 | Val IoU: 0.3870

Epoch 72/100
Train Loss: 0.3929 | Val Loss: 0.4964 | Val Dice: 0.5045 | Val IoU: 0.3815

Epoch 73/100
Train Loss: 0.3857 | Val Loss: 0.4935 | Val Dice: 0.5073 | Val IoU: 0.3850

Epoch 74/100
Train Loss: 0.3855 | Val Loss: 0.4988 | Val Dice: 0.5019 | Val IoU: 0.3800

Epoch 75/100
Train Loss: 0.3905 | Val Loss: 0.4980 | Val Dice: 0.5028 | Val IoU: 0.3819

Epoch 76/100
Train Loss: 0.3785 | Val Loss: 0.4995 | Val Dice: 0.5014 | Val IoU: 0.3792

Epoch 77/100
Train Loss: 0.3767 | Val Loss: 0.4957 | Val Dice: 0.5054 | Val IoU: 0.3830

Epoch 78/100
Train Loss: 0.3778 | Val Loss: 0.4941 | Val Dice: 0.5068 | Val IoU: 0.3836

Epoch 79/100
Train Loss: 0.3821 | Val Loss: 0.4936 | Val Dice: 0.5073 | Val IoU: 0.3852
⏹️ Early stopping triggered. Training halted.
