==========================================
SLURM_JOB_ID = 1025163
SLURM_JOB_NODELIST = b17-16
TMPDIR = /tmp/SLURM_1025163
==========================================
Running on: cuda

Epoch 1/100
Train Loss: 0.9378 | Val Loss: 0.8795 | Val Dice: 0.1277 | Val IoU: 0.0748
✅ Best model updated and saved.

Epoch 2/100
Train Loss: 0.8714 | Val Loss: 0.8337 | Val Dice: 0.1705 | Val IoU: 0.1000
✅ Best model updated and saved.

Epoch 3/100
Train Loss: 0.8472 | Val Loss: 0.8208 | Val Dice: 0.1821 | Val IoU: 0.1084
✅ Best model updated and saved.

Epoch 4/100
Train Loss: 0.8231 | Val Loss: 0.8264 | Val Dice: 0.1761 | Val IoU: 0.1048

Epoch 5/100
Train Loss: 0.8054 | Val Loss: 0.8236 | Val Dice: 0.1781 | Val IoU: 0.1110

Epoch 6/100
Train Loss: 0.7789 | Val Loss: 0.7636 | Val Dice: 0.2385 | Val IoU: 0.1502
✅ Best model updated and saved.

Epoch 7/100
Train Loss: 0.7688 | Val Loss: 0.7537 | Val Dice: 0.2484 | Val IoU: 0.1576
✅ Best model updated and saved.

Epoch 8/100
Train Loss: 0.7408 | Val Loss: 0.7381 | Val Dice: 0.2636 | Val IoU: 0.1666
✅ Best model updated and saved.

Epoch 9/100
Train Loss: 0.7404 | Val Loss: 0.7568 | Val Dice: 0.2446 | Val IoU: 0.1577

Epoch 10/100
Train Loss: 0.7266 | Val Loss: 0.7081 | Val Dice: 0.2943 | Val IoU: 0.1928
✅ Best model updated and saved.

Epoch 11/100
Train Loss: 0.7051 | Val Loss: 0.7093 | Val Dice: 0.2917 | Val IoU: 0.1912

Epoch 12/100
Train Loss: 0.6752 | Val Loss: 0.6940 | Val Dice: 0.3068 | Val IoU: 0.2042
✅ Best model updated and saved.

Epoch 13/100
Train Loss: 0.6646 | Val Loss: 0.6732 | Val Dice: 0.3285 | Val IoU: 0.2222
✅ Best model updated and saved.

Epoch 14/100
Train Loss: 0.6501 | Val Loss: 0.6222 | Val Dice: 0.3794 | Val IoU: 0.2626
✅ Best model updated and saved.

Epoch 15/100
Train Loss: 0.6364 | Val Loss: 0.6563 | Val Dice: 0.3451 | Val IoU: 0.2318

Epoch 16/100
Train Loss: 0.6280 | Val Loss: 0.6234 | Val Dice: 0.3776 | Val IoU: 0.2660

Epoch 17/100
Train Loss: 0.6154 | Val Loss: 0.6452 | Val Dice: 0.3569 | Val IoU: 0.2425

Epoch 18/100
Train Loss: 0.6066 | Val Loss: 0.6007 | Val Dice: 0.4007 | Val IoU: 0.2824
✅ Best model updated and saved.

Epoch 19/100
Train Loss: 0.5922 | Val Loss: 0.5917 | Val Dice: 0.4093 | Val IoU: 0.2908
✅ Best model updated and saved.

Epoch 20/100
Train Loss: 0.5975 | Val Loss: 0.5883 | Val Dice: 0.4135 | Val IoU: 0.2921
✅ Best model updated and saved.

Epoch 21/100
Train Loss: 0.5668 | Val Loss: 0.6304 | Val Dice: 0.3711 | Val IoU: 0.2574

Epoch 22/100
Train Loss: 0.5747 | Val Loss: 0.5760 | Val Dice: 0.4251 | Val IoU: 0.3093
✅ Best model updated and saved.

Epoch 23/100
Train Loss: 0.5594 | Val Loss: 0.5940 | Val Dice: 0.4080 | Val IoU: 0.2883

Epoch 24/100
Train Loss: 0.5523 | Val Loss: 0.5575 | Val Dice: 0.4440 | Val IoU: 0.3222
✅ Best model updated and saved.

Epoch 25/100
Train Loss: 0.5357 | Val Loss: 0.5549 | Val Dice: 0.4465 | Val IoU: 0.3279
✅ Best model updated and saved.

Epoch 26/100
Train Loss: 0.5435 | Val Loss: 0.5523 | Val Dice: 0.4488 | Val IoU: 0.3299
✅ Best model updated and saved.

Epoch 27/100
Train Loss: 0.5284 | Val Loss: 0.5525 | Val Dice: 0.4484 | Val IoU: 0.3287

Epoch 28/100
Train Loss: 0.5333 | Val Loss: 0.5820 | Val Dice: 0.4198 | Val IoU: 0.3026

Epoch 29/100
Train Loss: 0.5316 | Val Loss: 0.5520 | Val Dice: 0.4494 | Val IoU: 0.3306
✅ Best model updated and saved.

Epoch 30/100
Train Loss: 0.5226 | Val Loss: 0.5352 | Val Dice: 0.4660 | Val IoU: 0.3495
✅ Best model updated and saved.

Epoch 31/100
Train Loss: 0.5057 | Val Loss: 0.5375 | Val Dice: 0.4635 | Val IoU: 0.3453

Epoch 32/100
Train Loss: 0.5063 | Val Loss: 0.5354 | Val Dice: 0.4655 | Val IoU: 0.3477

Epoch 33/100
Train Loss: 0.5140 | Val Loss: 0.5467 | Val Dice: 0.4545 | Val IoU: 0.3361

Epoch 34/100
Train Loss: 0.5019 | Val Loss: 0.5340 | Val Dice: 0.4667 | Val IoU: 0.3522
✅ Best model updated and saved.

Epoch 35/100
Train Loss: 0.4841 | Val Loss: 0.5465 | Val Dice: 0.4550 | Val IoU: 0.3402

Epoch 36/100
Train Loss: 0.4820 | Val Loss: 0.5387 | Val Dice: 0.4620 | Val IoU: 0.3421

Epoch 37/100
Train Loss: 0.4859 | Val Loss: 0.5320 | Val Dice: 0.4697 | Val IoU: 0.3476
✅ Best model updated and saved.

Epoch 38/100
Train Loss: 0.4819 | Val Loss: 0.5291 | Val Dice: 0.4728 | Val IoU: 0.3451
✅ Best model updated and saved.

Epoch 39/100
Train Loss: 0.4885 | Val Loss: 0.5532 | Val Dice: 0.4482 | Val IoU: 0.3260

Epoch 40/100
Train Loss: 0.4788 | Val Loss: 0.6304 | Val Dice: 0.3706 | Val IoU: 0.2627

Epoch 41/100
Train Loss: 0.4739 | Val Loss: 0.5282 | Val Dice: 0.4729 | Val IoU: 0.3526
✅ Best model updated and saved.

Epoch 42/100
Train Loss: 0.4738 | Val Loss: 0.5199 | Val Dice: 0.4806 | Val IoU: 0.3633
✅ Best model updated and saved.

Epoch 43/100
Train Loss: 0.4599 | Val Loss: 0.5213 | Val Dice: 0.4800 | Val IoU: 0.3558

Epoch 44/100
Train Loss: 0.4734 | Val Loss: 0.5238 | Val Dice: 0.4774 | Val IoU: 0.3592

Epoch 45/100
Train Loss: 0.4622 | Val Loss: 0.5234 | Val Dice: 0.4778 | Val IoU: 0.3571

Epoch 46/100
Train Loss: 0.4494 | Val Loss: 0.5544 | Val Dice: 0.4470 | Val IoU: 0.3278

Epoch 47/100
Train Loss: 0.4580 | Val Loss: 0.5207 | Val Dice: 0.4803 | Val IoU: 0.3590

Epoch 48/100
Train Loss: 0.4465 | Val Loss: 0.5237 | Val Dice: 0.4771 | Val IoU: 0.3587

Epoch 49/100
Train Loss: 0.4369 | Val Loss: 0.5052 | Val Dice: 0.4956 | Val IoU: 0.3761
✅ Best model updated and saved.

Epoch 50/100
Train Loss: 0.4226 | Val Loss: 0.5002 | Val Dice: 0.5006 | Val IoU: 0.3789
✅ Best model updated and saved.

Epoch 51/100
Train Loss: 0.4233 | Val Loss: 0.4981 | Val Dice: 0.5029 | Val IoU: 0.3840
✅ Best model updated and saved.

Epoch 52/100
Train Loss: 0.4171 | Val Loss: 0.4981 | Val Dice: 0.5032 | Val IoU: 0.3801
✅ Best model updated and saved.

Epoch 53/100
Train Loss: 0.4078 | Val Loss: 0.4909 | Val Dice: 0.5100 | Val IoU: 0.3885
✅ Best model updated and saved.

Epoch 54/100
Train Loss: 0.4108 | Val Loss: 0.4996 | Val Dice: 0.5013 | Val IoU: 0.3812

Epoch 55/100
Train Loss: 0.4019 | Val Loss: 0.4970 | Val Dice: 0.5038 | Val IoU: 0.3846

Epoch 56/100
Train Loss: 0.4190 | Val Loss: 0.5068 | Val Dice: 0.4938 | Val IoU: 0.3775

Epoch 57/100
Train Loss: 0.3936 | Val Loss: 0.5032 | Val Dice: 0.4975 | Val IoU: 0.3810

Epoch 58/100
Train Loss: 0.4078 | Val Loss: 0.5160 | Val Dice: 0.4857 | Val IoU: 0.3645

Epoch 59/100
Train Loss: 0.4023 | Val Loss: 0.5046 | Val Dice: 0.4961 | Val IoU: 0.3785

Epoch 60/100
Train Loss: 0.3784 | Val Loss: 0.4910 | Val Dice: 0.5100 | Val IoU: 0.3905
✅ Best model updated and saved.

Epoch 61/100
Train Loss: 0.3890 | Val Loss: 0.4910 | Val Dice: 0.5102 | Val IoU: 0.3904
✅ Best model updated and saved.

Epoch 62/100
Train Loss: 0.3811 | Val Loss: 0.4921 | Val Dice: 0.5087 | Val IoU: 0.3896

Epoch 63/100
Train Loss: 0.3754 | Val Loss: 0.4969 | Val Dice: 0.5041 | Val IoU: 0.3833
⏹️ Early stopping triggered. Training halted.
